2024/05/02 22:22:41.029061 database.go:28: [Fatal] failed to connect database
2024/05/02 22:25:05.186010 article.go:21: [Info] GetArticles
2024/05/02 22:25:18.143846 article.go:28: [Info] GetArticle
2024/05/02 22:33:19.243195 article.go:21: [Info] GetArticles
2024/05/02 22:35:58.669685 article.go:28: [Info] GetArticle
2024/05/02 22:39:19.253064 article.go:21: [Info] GetArticles
2024/05/02 22:39:43.376068 article.go:22: [Info] GetArticles
2024/05/02 22:40:40.490821 article.go:22: [Info] GetArticles
2024/05/02 22:42:18.420251 article.go:22: [Info] GetArticles
2024/05/02 22:42:37.040838 article.go:22: [Info] GetArticles
2024/05/02 22:42:37.042329 article.go:26: [Info] unsupported data type: &[]: Table not set, please set it like: db.Model(&user) or db.Table("users")
2024/05/02 22:52:12.347259 article.go:25: [Info] GetArticles
2024/05/02 22:52:12.374725 article.go:29: [Info] ERROR: column article.deleted_at does not exist (SQLSTATE 42703)
2024/05/02 22:53:33.096811 article.go:23: [Info] GetArticles
2024/05/02 22:53:33.111663 article.go:27: [Info] <nil>
2024/05/02 22:54:09.883614 article.go:23: [Info] GetArticles
2024/05/02 22:54:09.895056 article.go:27: [Info] <nil>
2024/05/02 22:59:07.564024 article.go:23: [Info] GetArticles
2024/05/02 22:59:07.580738 article.go:27: [Info] <nil>
2024/05/02 23:05:40.055222 article.go:23: [Info] GetArticles
2024/05/02 23:05:40.074757 article.go:27: [Info] sql: Scan error on column index 2, name "tags": unsupported Scan, storing driver.Value type string into type *[]string; sql: Scan error on column index 2, name "tags": unsupported Scan, storing driver.Value type string into type *[]string; sql: Scan error on column index 2, name "tags": unsupported Scan, storing driver.Value type string into type *[]string; sql: Scan error on column index 2, name "tags": unsupported Scan, storing driver.Value type string into type *[]string; sql: Scan error on column index 2, name "tags": unsupported Scan, storing driver.Value type string into type *[]string; sql: Scan error on column index 2, name "tags": unsupported Scan, storing driver.Value type string into type *[]string; sql: Scan error on column index 2, name "tags": unsupported Scan, storing driver.Value type string into type *[]string; sql: Scan error on column index 2, name "tags": unsupported Scan, storing driver.Value type string into type *[]string; sql: Scan error on column index 2, name "tags": unsupported Scan, storing driver.Value type string into type *[]string; sql: Scan error on column index 2, name "tags": unsupported Scan, storing driver.Value type string into type *[]string; sql: Scan error on column index 2, name "tags": unsupported Scan, storing driver.Value type string into type *[]string; sql: Scan error on column index 2, name "tags": unsupported Scan, storing driver.Value type string into type *[]string; sql: Scan error on column index 2, name "tags": unsupported Scan, storing driver.Value type string into type *[]string; sql: Scan error on column index 2, name "tags": unsupported Scan, storing driver.Value type string into type *[]string; sql: Scan error on column index 2, name "tags": unsupported Scan, storing driver.Value type string into type *[]string; sql: Scan error on column index 2, name "tags": unsupported Scan, storing driver.Value type string into type *[]string; sql: Scan error on column index 2, name "tags": unsupported Scan, storing driver.Value type string into type *[]string; sql: Scan error on column index 2, name "tags": unsupported Scan, storing driver.Value type string into type *[]string; sql: Scan error on column index 2, name "tags": unsupported Scan, storing driver.Value type string into type *[]string; sql: Scan error on column index 2, name "tags": unsupported Scan, storing driver.Value type string into type *[]string; sql: Scan error on column index 2, name "tags": unsupported Scan, storing driver.Value type string into type *[]string; sql: Scan error on column index 2, name "tags": unsupported Scan, storing driver.Value type string into type *[]string; sql: Scan error on column index 2, name "tags": unsupported Scan, storing driver.Value type string into type *[]string; sql: Scan error on column index 2, name "tags": unsupported Scan, storing driver.Value type string into type *[]string; sql: Scan error on column index 2, name "tags": unsupported Scan, storing driver.Value type string into type *[]string; sql: Scan error on column index 2, name "tags": unsupported Scan, storing driver.Value type string into type *[]string; sql: Scan error on column index 2, name "tags": unsupported Scan, storing driver.Value type string into type *[]string; sql: Scan error on column index 2, name "tags": unsupported Scan, storing driver.Value type string into type *[]string; sql: Scan error on column index 2, name "tags": unsupported Scan, storing driver.Value type string into type *[]string; sql: Scan error on column index 2, name "tags": unsupported Scan, storing driver.Value type string into type *[]string; sql: Scan error on column index 2, name "tags": unsupported Scan, storing driver.Value type string into type *[]string; sql: Scan error on column index 2, name "tags": unsupported Scan, storing driver.Value type string into type *[]string; sql: Scan error on column index 2, name "tags": unsupported Scan, storing driver.Value type string into type *[]string
2024/05/02 23:08:12.007780 article.go:24: [Info] GetArticles
2024/05/02 23:08:12.026277 article.go:28: [Info] <nil>
2024/05/02 23:14:41.188798 article.go:25: [Info] GetArticles
2024/05/02 23:14:41.204480 article.go:29: [Info] <nil>
2024/05/02 23:15:45.246848 article.go:25: [Info] GetArticles
2024/05/02 23:15:45.258746 article.go:29: [Info] <nil>
2024/05/02 23:15:54.621026 article.go:34: [Info] GetArticle
